\BOOKMARK [0][-]{chapter*.1}{Sommaire}{}% 1
\BOOKMARK [0][-]{chapter*.2}{Summary}{}% 2
\BOOKMARK [0][-]{chapter*.2}{List of Figures}{}% 3
\BOOKMARK [0][-]{chapter*.2}{List of Tables}{}% 4
\BOOKMARK [0][-]{chapter*.3}{Acknowledgements}{}% 5
\BOOKMARK [0][-]{chapter*.4}{Introduction}{}% 6
\BOOKMARK [0][-]{chapter.1}{Chapter 1. Generalized normal Laplace distribution}{}% 7
\BOOKMARK [1][-]{section.1.1}{1.1. The charactheristic function and the moment generating function}{chapter.1}% 8
\BOOKMARK [2][-]{subsection.1.1.1}{1.1.1. Properties of the characteristic function and the moment generating function}{section.1.1}% 9
\BOOKMARK [1][-]{section.1.2}{1.2. Definition of the distribution}{chapter.1}% 10
\BOOKMARK [1][-]{section.1.3}{1.3. Properties of the GNL distribution}{chapter.1}% 11
\BOOKMARK [2][-]{subsection.1.3.1}{1.3.1. Representation as a convolution}{section.1.3}% 12
\BOOKMARK [2][-]{subsection.1.3.2}{1.3.2. Infinite Divisibility}{section.1.3}% 13
\BOOKMARK [2][-]{subsection.1.3.3}{1.3.3. Unimodality of the generalized normal Laplace}{section.1.3}% 14
\BOOKMARK [1][-]{section.1.4}{1.4. Numerical method to determine the pdf and the cdf of the GNL}{chapter.1}% 15
\BOOKMARK [2][-]{subsection.1.4.1}{1.4.1. Using the Representation as a Convolution}{section.1.4}% 16
\BOOKMARK [2][-]{subsection.1.4.2}{1.4.2. Inverting the characteristic function}{section.1.4}% 17
\BOOKMARK [0][-]{chapter.2}{Chapter 2. Measures of risk}{}% 18
\BOOKMARK [0][-]{chapter.3}{Chapter 3. Evaluating the TVaR of the generalized normal Laplace}{}% 19
\BOOKMARK [1][-]{section.3.1}{3.1. Experimental results}{chapter.3}% 20
\BOOKMARK [2][-]{subsection.3.1.1}{3.1.1. Evaluating p}{section.3.1}% 21
\BOOKMARK [3][-]{subsubsection.3.1.1.1}{3.1.1.1. The Newton-Raphson method}{subsection.3.1.1}% 22
\BOOKMARK [2][-]{subsection.3.1.2}{3.1.2. Evaluating TVaR}{section.3.1}% 23
\BOOKMARK [0][-]{chapter.4}{Chapter 4. Simulation results}{}% 24
\BOOKMARK [1][-]{section.4.1}{4.1. Simulation results}{chapter.4}% 25
\BOOKMARK [0][-]{chapter.5}{Chapter 5. Conclusion}{}% 26
\BOOKMARK [0][-]{chapter*.5}{Bibliography}{}% 27
\BOOKMARK [0][-]{appendix.A}{Appendix A. Some useful theorem}{}% 28
\BOOKMARK [0][-]{appendix.B}{Appendix B. Programmation and data}{}% 29
\BOOKMARK [1][-]{section.B.1}{B.1. Matlab Code}{appendix.B}% 30
\BOOKMARK [1][-]{section.B.2}{B.2. More data}{appendix.B}% 31
